

==========================================================================
Network Check on conjurvip.lab.net
Ncat: Version 7.92 ( https://nmap.org/ncat )
Ncat: Connected to 10.0.1.161:5432.
Ncat: 0 bytes sent, 0 bytes received in 0.05 seconds.
Ncat: Version 7.92 ( https://nmap.org/ncat )
Ncat: Connected to 10.0.1.161:5432.
Ncat: 0 bytes sent, 0 bytes received in 0.05 seconds.
Ncat: Version 7.92 ( https://nmap.org/ncat )
Ncat: Connected to 10.0.1.161:1999.
Ncat: 0 bytes sent, 0 bytes received in 0.06 seconds.
Ncat: Version 7.92 ( https://nmap.org/ncat )
Ncat: Connected to 10.0.1.161:1999.
Ncat: 0 bytes sent, 0 bytes received in 0.06 seconds.
Ncat: Version 7.92 ( https://nmap.org/ncat )
Ncat: Connected to 10.0.1.161:443.
Ncat: 0 bytes sent, 0 bytes received in 0.06 seconds.
Ncat: Version 7.92 ( https://nmap.org/ncat )
Ncat: Connected to 10.0.1.161:443.
Ncat: 0 bytes sent, 0 bytes received in 0.06 seconds.

==========================================================================
Network Check on rlesslead.lab.net
Ncat: Version 7.92 ( https://nmap.org/ncat )
Ncat: Connected to 10.0.1.92:5432.
Ncat: 0 bytes sent, 0 bytes received in 0.08 seconds.
Ncat: Version 7.92 ( https://nmap.org/ncat )
Ncat: Connected to 10.0.1.92:5432.
Ncat: 0 bytes sent, 0 bytes received in 0.08 seconds.
Ncat: Version 7.92 ( https://nmap.org/ncat )
Ncat: Connected to 10.0.1.92:1999.
Ncat: 0 bytes sent, 0 bytes received in 0.07 seconds.
Ncat: Version 7.92 ( https://nmap.org/ncat )
Ncat: Connected to 10.0.1.92:1999.
Ncat: 0 bytes sent, 0 bytes received in 0.07 seconds.
Ncat: Version 7.92 ( https://nmap.org/ncat )
Ncat: Connected to 10.0.1.92:443.
Ncat: 0 bytes sent, 0 bytes received in 0.06 seconds.
Ncat: Version 7.92 ( https://nmap.org/ncat )
Ncat: Connected to 10.0.1.92:443.
Ncat: 0 bytes sent, 0 bytes received in 0.06 seconds.
==========================================================================
rlesslead.lab.net
START
10.0.1.0/24 dev eth0 proto kernel scope link src 10.0.1.92 metric 100 
default via 10.0.1.1 dev eth0 proto dhcp src 10.0.1.92 metric 100 
==========================================================================

## /etc/hosts

127.0.0.1   localhost localhost.localdomain localhost4 localhost4.localdomain4
::1         localhost localhost.localdomain localhost6 localhost6.localdomain6

10.0.0.10 bastion.lab.net bastion
10.0.1.244 vault.lab.net vault
10.0.1.252  conjurleader.lab.net conjurleader
10.0.1.219 conjurstand1.lab.net conjurstand1
10.0.1.235 conjurstand2.lab.net conjurstand2
10.0.1.12 conjurfollower1.lab.net conjurfollower1
10.0.1.26 kmaster.lab.net kmaster
10.0.1.224 kworker1.lab.net kworker1
10.0.1.211 kworker2.lab.net kworker2
10.0.1.192 sync.lab.net sync
10.0.1.134 registry.lab.net registry
10.0.1.168 cpm.lab.net cpm
10.0.1.250 pvwa.lab.net pvwa
10.0.1.156 dc.lab.net dc
10.0.0.76 wbastion.lab.net wbastion
10.0.1.164 susestand1.lab.net susestand1
10.0.1.133 suseleader.lab.net suseleader
10.0.1.247 susestand2.lab.net susestand2
10.0.1.161 conjurvip.lab.net conjurvip
10.0.1.181 susefollower.lab.net susefollower
10.0.1.63 jenkins.lab.net jenkins
10.0.1.92 rlesslead.lab.net rlesslead
10.0.1.183 rlesstand1.lab.net rlesstand1
10.0.1.163 rlesstand2.lab.net rlesstand2
10.0.1.108 rlessfllwr.lab.net rlessfllwr
10.0.1.95 followervip.lab.net followervip
10.0.1.17 rlessfllwram.lab.net rlessfllwram 

==========================================================================
## /etc/hostname

#ip-10-0-1-92.eu-central-1.compute.internal
rlesslead.lab.net

==========================================================================
## /etc/resolv.conf

# Generated by NetworkManager
search eu-central-1.compute.internal lab.net
nameserver 10.0.0.2

==========================================================================
## uname -a

Linux rlesslead.lab.net 5.14.0-427.31.1.el9_4.x86_64 #1 SMP PREEMPT_DYNAMIC Fri Aug 9 14:06:03 EDT 2024 x86_64 x86_64 x86_64 GNU/Linux

==========================================================================
## Selinux Status

SELinux status:                 enabled
SELinuxfs mount:                /sys/fs/selinux
SELinux root directory:         /etc/selinux
Loaded policy name:             targeted
Current mode:                   enforcing
Mode from config file:          enforcing
Policy MLS status:              enabled
Policy deny_unknown status:     allowed
Memory protection checking:     actual (secure)
Max kernel policy version:      33

==========================================================================
## Podman Version

Client:       Podman Engine
Version:      4.9.4-rhel
API Version:  4.9.4-rhel
Go Version:   go1.21.11 (Red Hat 1.21.11-1.el9_4)
Built:        Mon Jul  1 10:27:14 2024
OS/Arch:      linux/amd64

==========================================================================
## Filesystem Check

Filesystem      Size  Used Avail Use% Mounted on
/dev/nvme0n1p4   20G   12G  7.7G  61% /

==========================================================================
## Folder Permissions Check

total 0
drwxr-xr-x. 2 232071 231546 24 May  8  2024 config
drwxr-xr-x. 3 conjur conjur 20 Nov  8 14:29 ..
drwxr-xr-x. 2 conjur conjur  6 Nov  8 14:29 seeds
drwxr-xr-x. 7 conjur conjur 76 Nov  8 14:29 .
drwxr-xr-x. 2 conjur conjur 26 Nov  8 14:32 security
drwxrwx---. 2 conjur 232067 56 Nov  8 14:48 backups
drwxr-xr-x. 2 conjur conjur 41 Nov  8 14:50 logs

==========================================================================
## Info Check

{
  "release": "13.4.0",
  "version": "5.18.1-8",
  "services": {
    "ldap-sync": {
      "desired": "i",
      "status": "i",
      "err": null,
      "description": "Conjur",
      "name": "conjur-ldap-sync",
      "version": "2.4.9-366",
      "arch": "amd64"
    },
    "possum": {
      "desired": "i",
      "status": "i",
      "err": null,
      "description": "Conjur",
      "name": "conjur-possum",
      "version": "1.21.1-359",
      "arch": "amd64"
    },
    "ui": {
      "desired": "i",
      "status": "i",
      "err": null,
      "description": "Conjur",
      "name": "conjur-ui",
      "version": "2.17.4-433",
      "arch": "amd64"
    }
  },
  "container": "39553dd6c3ab",
  "role": "master",
  "configuration": {
    "conjur": {
      "account": "lab",
      "altnames": [
        "conjurvip.lab.net",
        "altname",
        "rlesslead.lab.net",
        "rlesstand1.lab.net",
        "rlesstand2.lab.net",
        "conjur",
        "localhost"
      ],
      "cluster_interval": 1,
      "cluster_leader": "rlesslead.lab.net",
      "cluster_machine_address": "rlesslead.lab.net",
      "cluster_machine_name": "rlesslead.lab.net",
      "cluster_members": [
        "rlesslead.lab.net=http://rlesslead.lab.net:2380",
        "rlesstand1.lab.net=http://rlesstand1.lab.net:2380",
        "rlesstand2.lab.net=http://rlesstand2.lab.net:2380"
      ],
      "cluster_name": "failover",
      "cluster_ttl": 300,
      "hostname": "conjurvip.lab.net",
      "master_altnames": [
        "conjurvip.lab.net",
        "altname",
        "rlesslead.lab.net",
        "rlesstand1.lab.net",
        "rlesstand2.lab.net",
        "conjur",
        "localhost"
      ],
      "role": "master"
    }
  },
  "authenticators": {
    "installed": [
      "authn",
      "authn-azure",
      "authn-gcp",
      "authn-iam",
      "authn-jwt",
      "authn-k8s",
      "authn-ldap",
      "authn-oidc"
    ],
    "configured": [
      "authn",
      "authn-jwt/dev-cluster",
      "authn-jwt/jenkins",
      "authn-jwt/k8slab",
      "authn-k8s/dev-cluster"
    ],
    "enabled": [
      "authn",
      "authn-jwt/jenkins",
      "authn-jwt/k8slab",
      "authn-k8s/dev-cluster"
    ]
  },
  "fips_mode": "enabled",
  "feature_flags": {
    "selective_replication": "enabled"
  }
}
==========================================================================
## Health Check

{
  "services": {
    "ldap-sync": "disabled",
    "possum": "ok",
    "ui": "ok",
    "ok": true
  },
  "database": {
    "ok": true,
    "connect": {
      "main": "ok"
    },
    "free_space": {
      "main": {
        "kbytes": 8002796,
        "inodes": 9883530
      }
    },
    "replication_status": {
      "pg_stat_replication": [
        {
          "usename": "conjurvip.lab.net",
          "application_name": "standby_43d06d_6b40789d56b9",
          "client_addr": "10.0.1.163",
          "backend_start": "2024-11-13 08:44:45 +0000",
          "state": "streaming",
          "sent_lsn": "0/5AC0F38",
          "replay_lsn": "0/5AC0F38",
          "sync_priority": 2,
          "sync_state": "sync",
          "replication_set": null,
          "sent_lsn_bytes": 95162168,
          "replay_lsn_bytes": 95162168,
          "replication_lag_bytes": 0
        }
      ],
      "pg_current_xlog_location": "0/5AC0F38",
      "pg_current_xlog_location_bytes": 95162168
    },
    "logical_replication_status": {
      "subscriptions": "Subscriptions are only available on Conjur Followers.",
      "initial_replication_in_progress": false
    }
  },
  "audit": {
    "ok": true,
    "received": {
      "processed": 0
    }
  },
  "cluster": {
    "ok": true,
    "degraded": true,
    "status": "unhealthy",
    "message": null
  },
  "local_authentication": {
    "ok": true
  },
  "selective_replication": {
    "ok": true,
    "degraded": false,
    "label": {
      "last_attempt_timestamp": "2024-11-13T08:04:34.568Z",
      "last_success_timestamp": "2024-11-13T08:04:34.568Z",
      "last_duration_seconds": 0.12752172299997255
    }
  },
  "ok": true,
  "degraded": true,
  "role": "master"
}
==========================================================================
rlesslead.lab.net
END
==========================================================================


==========================================================================
Network Check on rlesstand1.lab.net
Ncat: Version 7.92 ( https://nmap.org/ncat )
Ncat: Connection refused.
Ncat: Version 7.92 ( https://nmap.org/ncat )
Ncat: Connection refused.
No open ports found on rlesstand1.lab.net. Exiting for this host.
Ncat: Version 7.92 ( https://nmap.org/ncat )
Ncat: Connection refused.
Ncat: Version 7.92 ( https://nmap.org/ncat )
Ncat: Connection refused.
No open ports found on rlesstand1.lab.net. Exiting for this host.
Ncat: Version 7.92 ( https://nmap.org/ncat )
Ncat: Connection refused.
Ncat: Version 7.92 ( https://nmap.org/ncat )
Ncat: Connection refused.
No open ports found on rlesstand1.lab.net. Exiting for this host.
==========================================================================
rlesstand1.lab.net
START
10.0.1.0/24 dev eth0 proto kernel scope link src 10.0.1.183 metric 100 
default via 10.0.1.1 dev eth0 proto dhcp src 10.0.1.183 metric 100 
==========================================================================

## /etc/hosts

127.0.0.1   localhost localhost.localdomain localhost4 localhost4.localdomain4
::1         localhost localhost.localdomain localhost6 localhost6.localdomain6

10.0.0.10 bastion.lab.net bastion
10.0.1.244 vault.lab.net vault
10.0.1.252  conjurleader.lab.net conjurleader
10.0.1.219 conjurstand1.lab.net conjurstand1
10.0.1.235 conjurstand2.lab.net conjurstand2
10.0.1.12 conjurfollower1.lab.net conjurfollower1
10.0.1.26 kmaster.lab.net kmaster
10.0.1.224 kworker1.lab.net kworker1
10.0.1.211 kworker2.lab.net kworker2
10.0.1.192 sync.lab.net sync
10.0.1.134 registry.lab.net registry
10.0.1.168 cpm.lab.net cpm
10.0.1.250 pvwa.lab.net pvwa
10.0.1.156 dc.lab.net dc
10.0.0.76 wbastion.lab.net wbastion
10.0.1.164 susestand1.lab.net susestand1
10.0.1.133 suseleader.lab.net suseleader
10.0.1.247 susestand2.lab.net susestand2
10.0.1.161 conjurvip.lab.net conjurvip
10.0.1.181 susefollower.lab.net susefollower
10.0.1.63 jenkins.lab.net jenkins
10.0.1.92 rlesslead.lab.net rlesslead
10.0.1.183 rlesstand1.lab.net rlesstand1
10.0.1.163 rlesstand2.lab.net rlesstand2
10.0.1.108 rlessfllwr.lab.net rlessfllwr
10.0.1.95 followervip.lab.net followervip
10.0.1.17 rlessfllwram.lab.net rlessfllwram


==========================================================================
## /etc/hostname

#ip-10-0-1-183.eu-central-1.compute.internal
rlesstand1.lab.net

==========================================================================
## /etc/resolv.conf

# Generated by NetworkManager
search eu-central-1.compute.internal lab.net
nameserver 10.0.0.2

==========================================================================
## uname -a

Linux rlesstand1.lab.net 5.14.0-427.31.1.el9_4.x86_64 #1 SMP PREEMPT_DYNAMIC Fri Aug 9 14:06:03 EDT 2024 x86_64 x86_64 x86_64 GNU/Linux

==========================================================================
## Selinux Status

SELinux status:                 enabled
SELinuxfs mount:                /sys/fs/selinux
SELinux root directory:         /etc/selinux
Loaded policy name:             targeted
Current mode:                   enforcing
Mode from config file:          enforcing
Policy MLS status:              enabled
Policy deny_unknown status:     allowed
Memory protection checking:     actual (secure)
Max kernel policy version:      33

==========================================================================
## Podman Version

Client:       Podman Engine
Version:      4.9.4-rhel
API Version:  4.9.4-rhel
Go Version:   go1.21.11 (Red Hat 1.21.11-1.el9_4)
Built:        Mon Jul  1 10:27:14 2024
OS/Arch:      linux/amd64

==========================================================================
## Filesystem Check

Filesystem      Size  Used Avail Use% Mounted on
/dev/nvme0n1p4   20G   13G  6.9G  65% /

==========================================================================
## Folder Permissions Check

total 0
drwxr-xr-x. 2 conjur conjur  6 Apr  3  2024 backups
drwxr-xr-x. 3 root   root   20 Apr  3  2024 ..
drwxr-xr-x. 7 conjur conjur 76 Apr  3  2024 .
drwxr-xr-x. 2 conjur conjur 94 Jun 13 06:38 logs
drwxr-xr-x. 2 conjur conjur 26 Sep 16 08:19 security
drwxr-xr-x. 2 conjur conjur 24 Sep 16 08:34 config
drwxr-xr-x. 2 conjur conjur 24 Nov  8 14:52 seeds

==========================================================================
## Info Check


==========================================================================
## Health Check


==========================================================================
rlesstand1.lab.net
END
==========================================================================


==========================================================================
Network Check on rlesstand2.lab.net
Ncat: Version 7.92 ( https://nmap.org/ncat )
Ncat: Connected to 10.0.1.163:5432.
Ncat: 0 bytes sent, 0 bytes received in 0.09 seconds.
Ncat: Version 7.92 ( https://nmap.org/ncat )
Ncat: Connected to 10.0.1.163:5432.
Ncat: 0 bytes sent, 0 bytes received in 0.09 seconds.
Ncat: Version 7.92 ( https://nmap.org/ncat )
Ncat: Connected to 10.0.1.163:1999.
Ncat: 0 bytes sent, 0 bytes received in 0.11 seconds.
Ncat: Version 7.92 ( https://nmap.org/ncat )
Ncat: Connected to 10.0.1.163:1999.
Ncat: 0 bytes sent, 0 bytes received in 0.11 seconds.
Ncat: Version 7.92 ( https://nmap.org/ncat )
Ncat: Connected to 10.0.1.163:443.
Ncat: 0 bytes sent, 0 bytes received in 0.06 seconds.
Ncat: Version 7.92 ( https://nmap.org/ncat )
Ncat: Connected to 10.0.1.163:443.
Ncat: 0 bytes sent, 0 bytes received in 0.06 seconds.
==========================================================================
rlesstand2.lab.net
START
10.0.1.0/24 dev eth0 proto kernel scope link src 10.0.1.163 metric 100 
default via 10.0.1.1 dev eth0 proto dhcp src 10.0.1.163 metric 100 
==========================================================================

## /etc/hosts

127.0.0.1   localhost localhost.localdomain localhost4 localhost4.localdomain4
::1         localhost localhost.localdomain localhost6 localhost6.localdomain6

10.0.0.10 bastion.lab.net bastion
10.0.1.244 vault.lab.net vault
10.0.1.252  conjurleader.lab.net conjurleader
10.0.1.219 conjurstand1.lab.net conjurstand1
10.0.1.235 conjurstand2.lab.net conjurstand2
10.0.1.12 conjurfollower1.lab.net conjurfollower1
10.0.1.26 kmaster.lab.net kmaster
10.0.1.224 kworker1.lab.net kworker1
10.0.1.211 kworker2.lab.net kworker2
10.0.1.192 sync.lab.net sync
10.0.1.134 registry.lab.net registry
10.0.1.168 cpm.lab.net cpm
10.0.1.250 pvwa.lab.net pvwa
10.0.1.156 dc.lab.net dc
10.0.0.76 wbastion.lab.net wbastion
10.0.1.164 susestand1.lab.net susestand1
10.0.1.133 suseleader.lab.net suseleader
10.0.1.247 susestand2.lab.net susestand2
10.0.1.161 conjurvip.lab.net conjurvip
10.0.1.181 susefollower.lab.net susefollower
10.0.1.63 jenkins.lab.net jenkins
10.0.1.92 rlesslead.lab.net rlesslead
10.0.1.183 rlesstand1.lab.net rlesstand1
10.0.1.163 rlesstand2.lab.net rlesstand2
10.0.1.108 rlessfllwr.lab.net rlessfllwr
10.0.1.95 followervip.lab.net followervip
10.0.1.17 rlessfllwram.lab.net rlessfllwram


==========================================================================
## /etc/hostname

#ip-10-0-1-163.eu-central-1.compute.internal
rlesstand2.lab.net

==========================================================================
## /etc/resolv.conf

# Generated by NetworkManager
search eu-central-1.compute.internal lab.net
nameserver 10.0.0.2

==========================================================================
## uname -a

Linux rlesstand2.lab.net 5.14.0-427.31.1.el9_4.x86_64 #1 SMP PREEMPT_DYNAMIC Fri Aug 9 14:06:03 EDT 2024 x86_64 x86_64 x86_64 GNU/Linux

==========================================================================
## Selinux Status

SELinux status:                 enabled
SELinuxfs mount:                /sys/fs/selinux
SELinux root directory:         /etc/selinux
Loaded policy name:             targeted
Current mode:                   enforcing
Mode from config file:          enforcing
Policy MLS status:              enabled
Policy deny_unknown status:     allowed
Memory protection checking:     actual (secure)
Max kernel policy version:      33

==========================================================================
## Podman Version

Client:       Podman Engine
Version:      4.9.4-rhel
API Version:  4.9.4-rhel
Go Version:   go1.21.13 (Red Hat 1.21.13-4.el9_4)
Built:        Fri Oct 11 09:02:32 2024
OS/Arch:      linux/amd64

==========================================================================
## Filesystem Check

Filesystem      Size  Used Avail Use% Mounted on
/dev/nvme0n1p4   20G   11G  8.9G  54% /

==========================================================================
## Folder Permissions Check

total 0
drwxr-xr-x. 2 conjur conjur  6 Apr  3  2024 logs
drwxr-xr-x. 2 conjur conjur  6 Apr  3  2024 backups
drwxr-xr-x. 3 root   root   20 Apr  3  2024 ..
drwxr-xr-x. 7 conjur conjur 76 Apr  3  2024 .
drwxr-xr-x. 2 conjur conjur 26 Aug 27 11:17 security
drwxr-xr-x. 2 conjur conjur 24 Sep 16 08:35 config
drwxr-xr-x. 2 conjur conjur 24 Nov  8 14:52 seeds

==========================================================================
## Info Check

{
  "release": "13.4.0",
  "version": "5.18.1-8",
  "services": {
    "ldap-sync": {
      "desired": "i",
      "status": "i",
      "err": null,
      "description": "Conjur",
      "name": "conjur-ldap-sync",
      "version": "2.4.9-366",
      "arch": "amd64"
    },
    "possum": {
      "desired": "i",
      "status": "i",
      "err": null,
      "description": "Conjur",
      "name": "conjur-possum",
      "version": "1.21.1-359",
      "arch": "amd64"
    },
    "ui": {
      "desired": "i",
      "status": "i",
      "err": null,
      "description": "Conjur",
      "name": "conjur-ui",
      "version": "2.17.4-433",
      "arch": "amd64"
    }
  },
  "container": "6b40789d56b9",
  "role": "standby",
  "configuration": {
    "conjur": {
      "account": "lab",
      "altnames": [
        "conjurvip.lab.net",
        "altname",
        "rlesslead.lab.net",
        "rlesstand1.lab.net",
        "rlesstand2.lab.net",
        "conjur",
        "localhost"
      ],
      "cluster_interval": 1,
      "cluster_leader": "rlesslead.lab.net",
      "cluster_machine_address": "rlesstand2.lab.net",
      "cluster_machine_name": "rlesstand2.lab.net",
      "cluster_members": [
        "rlesslead.lab.net=http://rlesslead.lab.net:2380",
        "rlesstand1.lab.net=http://rlesstand1.lab.net:2380",
        "rlesstand2.lab.net=http://rlesstand2.lab.net:2380"
      ],
      "cluster_name": "failover",
      "cluster_ttl": 300,
      "hostname": "conjurvip.lab.net",
      "master_altnames": [
        "conjurvip.lab.net",
        "altname",
        "rlesslead.lab.net",
        "rlesstand1.lab.net",
        "rlesstand2.lab.net",
        "conjur",
        "localhost"
      ],
      "role": "standby"
    }
  },
  "authenticators": {
    "error": "Conjur service not available."
  },
  "fips_mode": "enabled",
  "feature_flags": {
    "selective_replication": "enabled"
  }
}
==========================================================================
## Health Check

{
  "services": {
    "ldap-sync": "disabled",
    "possum": "disabled",
    "ui": "disabled",
    "ok": true
  },
  "database": {
    "ok": true,
    "connect": {
      "main": "ok"
    },
    "free_space": {
      "main": {
        "kbytes": 9330236,
        "inodes": 9784563
      }
    },
    "replication_status": {
      "streaming": true,
      "pg_last_xlog_replay_location": "0/5AC0F38",
      "pg_last_xlog_replay_location_bytes": 95162168
    },
    "logical_replication_status": {
      "subscriptions": "Subscriptions are only available on Conjur Followers.",
      "initial_replication_in_progress": false
    }
  },
  "audit": {
    "ok": true,
    "received": {
      "processed": 0
    }
  },
  "cluster": {
    "ok": true,
    "degraded": false,
    "status": "standing_by",
    "message": null
  },
  "ok": true,
  "degraded": false,
  "role": "standby"
}
==========================================================================
rlesstand2.lab.net
END
==========================================================================

